<?xml version="1.0" encoding="UTF-8"?>
<!-- Generated by org.testng.reporters.JUnitReportReporter -->
<testsuite hostname="JOY" name="com.testpakage.FirstClassTest" tests="2" failures="0" timestamp="30 Jan 2017 23:14:44 GMT" time="13.919" errors="0">
  <testcase name="Atc2" time="0.055" classname="com.testpakage.FirstClassTest"/>
  <testcase name="tc1" time="13.864" classname="com.testpakage.FirstClassTest"/>
</testsuite> <!-- com.testpakage.FirstClassTest -->
