<?xml version="1.0" encoding="UTF-8"?>
<!-- Generated by org.testng.reporters.JUnitReportReporter -->
<testsuite hostname="JOY" name="com.testpakage.SecondclassTest" tests="1" failures="0" timestamp="28 Jan 2017 07:58:01 GMT" time="0.001" errors="0">
  <testcase name="tc2" time="0.001" classname="com.testpakage.SecondclassTest"/>
</testsuite> <!-- com.testpakage.SecondclassTest -->
