<?xml version="1.0" encoding="UTF-8"?>
<!-- Generated by org.testng.reporters.JUnitReportReporter -->
<testsuite hostname="JOY" name="com.testpakage.FirstClassTest" tests="2" failures="0" timestamp="28 Jan 2017 07:58:01 GMT" time="16.213" errors="0">
  <testcase name="Atc2" time="0.009" classname="com.testpakage.FirstClassTest"/>
  <testcase name="tc1" time="16.204" classname="com.testpakage.FirstClassTest"/>
</testsuite> <!-- com.testpakage.FirstClassTest -->
